<?xml version="1.0" encoding="UTF-8"?>
<testng-results skipped="0" failed="0" total="1" passed="1">
  <reporter-output>
  </reporter-output>
  <suite name="Default suite" duration-ms="48556" started-at="2018-05-31T13:30:32Z" finished-at="2018-05-31T13:31:21Z">
    <groups>
    </groups>
    <test name="Default test" duration-ms="48556" started-at="2018-05-31T13:30:32Z" finished-at="2018-05-31T13:31:21Z">
      <class name="testNG.ReadfromExcel">
        <test-method status="PASS" signature="tc01()[pri:0, instance:testNG.ReadfromExcel@80ec60]" name="tc01" duration-ms="48520" started-at="2018-05-31T19:00:32Z" finished-at="2018-05-31T19:01:21Z">
          <reporter-output>
          </reporter-output>
        </test-method> <!-- tc01 -->
      </class> <!-- testNG.ReadfromExcel -->
    </test> <!-- Default test -->
  </suite> <!-- Default suite -->
</testng-results>
